OpenROAD 41a51eaf4ca2171c92ff38afb91eb37bbd3f36da 
This program is licensed under the BSD-3 license. See the LICENSE file for details.
Components of this program may be licensed under more restrictive licenses which must be honored.
[INFO]: Reading ODB at '/openlane/designs/decoder3to8/runs/run1//results/routing/decoder3to8.odb'…
define_corners Typical
read_liberty -corner Typical /home/rajshekhar/.ciel/sky130A/libs.ref/sky130_fd_sc_hd/lib/sky130_fd_sc_hd__tt_025C_1v80.lib
Using 1e-12 for capacitance...
Using 1e+03 for resistance...
Using 1e-09 for time...
Using 1e+00 for voltage...
Using 1e-03 for current...
Using 1e-09 for power...
Using 1e-06 for distance...
Reading design constraints file at '/openlane/designs/decoder3to8/runs/run1/tmp/14-decoder3to8.sdc'…
Net: net3
  Pin: _13_/A (sky130_fd_sc_hd__and3_1)
    Layer: met2
      Partial area ratio:   24.09
      Required ratio:    0.00 (Gate area) 
      Partial area ratio:  120.85
      Required ratio: 2956.40 (Side area) 
      Cumulative area ratio:  145.47
      Required ratio:    0.00 (Cumulative area) 
      Cumulative area ratio:  732.87
      Required ratio:    0.00 (Cumulative side area) 

    Layer: met1
      Partial area ratio:    0.00
      Required ratio:    0.00 (Gate area) 
      Partial area ratio:    0.00
      Required ratio:  400.00 (Side area) 
      Cumulative area ratio:    0.00
      Required ratio:    0.00 (Cumulative area) 
      Cumulative area ratio:    0.00
      Required ratio:    0.00 (Cumulative side area) 

    Layer: li1
      Partial area ratio:    0.00
      Required ratio:    0.00 (Gate area) 
      Partial area ratio:    0.00
      Required ratio:   75.00 (Side area) 
      Cumulative area ratio:    0.00
      Required ratio:    0.00 (Cumulative area) 
      Cumulative area ratio:    0.00
      Required ratio:    0.00 (Cumulative side area) 

    Via: M1M2_PR
      Partial area ratio:    0.18
      Required ratio:    6.00 (Gate area) 
      Cumulative area ratio:    0.41
      Required ratio:    0.00 (Cumulative area) 

    Via: L1M1_PR_MR
      Partial area ratio:    0.23
      Required ratio:    3.00 (Gate area) 
      Cumulative area ratio:    0.23
      Required ratio:    0.00 (Cumulative area) 

  Pin: _15_/A (sky130_fd_sc_hd__nor3_1)
    Layer: met2
      Partial area ratio:   24.09
      Required ratio:    0.00 (Gate area) 
      Partial area ratio:  120.85
      Required ratio: 2956.40 (Side area) 
      Cumulative area ratio:  147.48
      Required ratio:    0.00 (Cumulative area) 
      Cumulative area ratio:  743.70
      Required ratio:    0.00 (Cumulative side area) 

    Layer: met1
      Partial area ratio:    2.01
      Required ratio:    0.00 (Gate area) 
      Partial area ratio:   10.83
      Required ratio:  400.00 (Side area) 
      Cumulative area ratio:    2.01
      Required ratio:    0.00 (Cumulative area) 
      Cumulative area ratio:   10.83
      Required ratio:    0.00 (Cumulative side area) 

    Layer: li1
      Partial area ratio:    0.00
      Required ratio:    0.00 (Gate area) 
      Partial area ratio:    0.00
      Required ratio:   75.00 (Side area) 
      Cumulative area ratio:    0.00
      Required ratio:    0.00 (Cumulative area) 
      Cumulative area ratio:    0.00
      Required ratio:    0.00 (Cumulative side area) 

    Via: M1M2_PR
      Partial area ratio:    0.06
      Required ratio:    6.00 (Gate area) 
      Cumulative area ratio:    0.18
      Required ratio:    0.00 (Cumulative area) 

    Via: L1M1_PR_MR
      Partial area ratio:    0.12
      Required ratio:    3.00 (Gate area) 
      Cumulative area ratio:    0.12
      Required ratio:    0.00 (Cumulative area) 

  Pin: _06_/A_N (sky130_fd_sc_hd__and3b_1)
    Layer: met2
      Partial area ratio:   24.09
      Required ratio:    0.00 (Gate area) 
      Partial area ratio:  120.85
      Required ratio: 2956.40 (Side area) 
      Cumulative area ratio:  147.48
      Required ratio:    0.00 (Cumulative area) 
      Cumulative area ratio:  743.70
      Required ratio:    0.00 (Cumulative side area) 

    Layer: met1
      Partial area ratio:    2.01
      Required ratio:    0.00 (Gate area) 
      Partial area ratio:   10.83
      Required ratio:  400.00 (Side area) 
      Cumulative area ratio:    2.01
      Required ratio:    0.00 (Cumulative area) 
      Cumulative area ratio:   10.83
      Required ratio:    0.00 (Cumulative side area) 

    Layer: li1
      Partial area ratio:    0.00
      Required ratio:    0.00 (Gate area) 
      Partial area ratio:    0.00
      Required ratio:   75.00 (Side area) 
      Cumulative area ratio:    0.00
      Required ratio:    0.00 (Cumulative area) 
      Cumulative area ratio:    0.00
      Required ratio:    0.00 (Cumulative side area) 

    Via: M1M2_PR
      Partial area ratio:    0.06
      Required ratio:    6.00 (Gate area) 
      Cumulative area ratio:    0.29
      Required ratio:    0.00 (Cumulative area) 

    Via: L1M1_PR_MR
      Partial area ratio:    0.23
      Required ratio:    3.00 (Gate area) 
      Cumulative area ratio:    0.23
      Required ratio:    0.00 (Cumulative area) 

  Pin: _04_/A (sky130_fd_sc_hd__nor3b_1)
    Layer: met2
      Partial area ratio:   24.09
      Required ratio:    0.00 (Gate area) 
      Partial area ratio:  120.85
      Required ratio: 2956.40 (Side area) 
      Cumulative area ratio:  145.47
      Required ratio:    0.00 (Cumulative area) 
      Cumulative area ratio:  732.87
      Required ratio:    0.00 (Cumulative side area) 

    Layer: met1
      Partial area ratio:    5.50
      Required ratio:    0.00 (Gate area) 
      Partial area ratio:   28.68
      Required ratio:  400.00 (Side area) 
      Cumulative area ratio:    5.50
      Required ratio:    0.00 (Cumulative area) 
      Cumulative area ratio:   28.68
      Required ratio:    0.00 (Cumulative side area) 

    Layer: li1
      Partial area ratio:    0.00
      Required ratio:    0.00 (Gate area) 
      Partial area ratio:    0.00
      Required ratio:   75.00 (Side area) 
      Cumulative area ratio:    0.00
      Required ratio:    0.00 (Cumulative area) 
      Cumulative area ratio:    0.00
      Required ratio:    0.00 (Cumulative side area) 

    Via: M1M2_PR
      Partial area ratio:    0.18
      Required ratio:    6.00 (Gate area) 
      Cumulative area ratio:    0.30
      Required ratio:    0.00 (Cumulative area) 

    Via: L1M1_PR_MR
      Partial area ratio:    0.12
      Required ratio:    3.00 (Gate area) 
      Cumulative area ratio:    0.12
      Required ratio:    0.00 (Cumulative area) 

  Pin: _08_/C_N (sky130_fd_sc_hd__nor3b_1)
    Layer: met2
      Partial area ratio:   24.09
      Required ratio:    0.00 (Gate area) 
      Partial area ratio:  120.85
      Required ratio: 2956.40 (Side area) 
      Cumulative area ratio:  139.97
      Required ratio:    0.00 (Cumulative area) 
      Cumulative area ratio:  704.19
      Required ratio:    0.00 (Cumulative side area) 

    Layer: met1
      Partial area ratio:  115.89
      Required ratio:    0.00 (Gate area) 
      Partial area ratio:  583.33
      Required ratio:  400.00 (Side area) (VIOLATED)
      Cumulative area ratio:  115.89
      Required ratio:    0.00 (Cumulative area) 
      Cumulative area ratio:  583.33
      Required ratio:    0.00 (Cumulative side area) 

    Layer: li1
      Partial area ratio:    0.00
      Required ratio:    0.00 (Gate area) 
      Partial area ratio:    0.00
      Required ratio:   75.00 (Side area) 
      Cumulative area ratio:    0.00
      Required ratio:    0.00 (Cumulative area) 
      Cumulative area ratio:    0.00
      Required ratio:    0.00 (Cumulative side area) 

    Via: M1M2_PR
      Partial area ratio:    0.36
      Required ratio:    6.00 (Gate area) 
      Cumulative area ratio:    0.59
      Required ratio:    0.00 (Cumulative area) 

    Via: L1M1_PR_MR
      Partial area ratio:    0.23
      Required ratio:    3.00 (Gate area) 
      Cumulative area ratio:    0.23
      Required ratio:    0.00 (Cumulative area) 

  Pin: _05_/A (sky130_fd_sc_hd__nor3b_1)
    Layer: met2
      Partial area ratio:   24.09
      Required ratio:    0.00 (Gate area) 
      Partial area ratio:  120.85
      Required ratio: 2956.40 (Side area) 
      Cumulative area ratio:   35.01
      Required ratio:    0.00 (Cumulative area) 
      Cumulative area ratio:  177.48
      Required ratio:    0.00 (Cumulative side area) 

    Layer: met1
      Partial area ratio:   10.93
      Required ratio:    0.00 (Gate area) 
      Partial area ratio:   56.62
      Required ratio:  400.00 (Side area) 
      Cumulative area ratio:   10.93
      Required ratio:    0.00 (Cumulative area) 
      Cumulative area ratio:   56.62
      Required ratio:    0.00 (Cumulative side area) 

    Layer: li1
      Partial area ratio:    0.00
      Required ratio:    0.00 (Gate area) 
      Partial area ratio:    0.00
      Required ratio:   75.00 (Side area) 
      Cumulative area ratio:    0.00
      Required ratio:    0.00 (Cumulative area) 
      Cumulative area ratio:    0.00
      Required ratio:    0.00 (Cumulative side area) 

    Via: M1M2_PR
      Partial area ratio:    0.18
      Required ratio:    6.00 (Gate area) 
      Cumulative area ratio:    0.30
      Required ratio:    0.00 (Cumulative area) 

    Via: L1M1_PR_MR
      Partial area ratio:    0.12
      Required ratio:    3.00 (Gate area) 
      Cumulative area ratio:    0.12
      Required ratio:    0.00 (Cumulative area) 

  Pin: _09_/C (sky130_fd_sc_hd__and3b_1)
    Layer: met2
      Partial area ratio:   24.09
      Required ratio:    0.00 (Gate area) 
      Partial area ratio:  120.85
      Required ratio: 2956.40 (Side area) 
      Cumulative area ratio:   55.79
      Required ratio:    0.00 (Cumulative area) 
      Cumulative area ratio:  281.75
      Required ratio:    0.00 (Cumulative side area) 

    Layer: met1
      Partial area ratio:   20.78
      Required ratio:    0.00 (Gate area) 
      Partial area ratio:  104.28
      Required ratio:  400.00 (Side area) 
      Cumulative area ratio:   20.78
      Required ratio:    0.00 (Cumulative area) 
      Cumulative area ratio:  104.28
      Required ratio:    0.00 (Cumulative side area) 

    Layer: li1
      Partial area ratio:    0.00
      Required ratio:    0.00 (Gate area) 
      Partial area ratio:    0.00
      Required ratio:   75.00 (Side area) 
      Cumulative area ratio:    0.00
      Required ratio:    0.00 (Cumulative area) 
      Cumulative area ratio:    0.00
      Required ratio:    0.00 (Cumulative side area) 

    Via: M1M2_PR
      Partial area ratio:    0.09
      Required ratio:    6.00 (Gate area) 
      Cumulative area ratio:    0.32
      Required ratio:    0.00 (Cumulative area) 

    Via: L1M1_PR_MR
      Partial area ratio:    0.23
      Required ratio:    3.00 (Gate area) 
      Cumulative area ratio:    0.23
      Required ratio:    0.00 (Cumulative area) 

  Pin: _11_/C (sky130_fd_sc_hd__and3b_1)
    Layer: met2
      Partial area ratio:   24.09
      Required ratio:    0.00 (Gate area) 
      Partial area ratio:  120.85
      Required ratio: 2956.40 (Side area) 
      Cumulative area ratio:   55.79
      Required ratio:    0.00 (Cumulative area) 
      Cumulative area ratio:  281.75
      Required ratio:    0.00 (Cumulative side area) 

    Layer: met1
      Partial area ratio:   20.78
      Required ratio:    0.00 (Gate area) 
      Partial area ratio:  104.28
      Required ratio:  400.00 (Side area) 
      Cumulative area ratio:   20.78
      Required ratio:    0.00 (Cumulative area) 
      Cumulative area ratio:  104.28
      Required ratio:    0.00 (Cumulative side area) 

    Layer: li1
      Partial area ratio:    0.00
      Required ratio:    0.00 (Gate area) 
      Partial area ratio:    0.00
      Required ratio:   75.00 (Side area) 
      Cumulative area ratio:    0.00
      Required ratio:    0.00 (Cumulative area) 
      Cumulative area ratio:    0.00
      Required ratio:    0.00 (Cumulative side area) 

    Via: M1M2_PR
      Partial area ratio:    0.09
      Required ratio:    6.00 (Gate area) 
      Cumulative area ratio:    0.32
      Required ratio:    0.00 (Cumulative area) 

    Via: L1M1_PR_MR
      Partial area ratio:    0.23
      Required ratio:    3.00 (Gate area) 
      Cumulative area ratio:    0.23
      Required ratio:    0.00 (Cumulative area) 


[INFO ANT-0002] Found 1 net violations.
[INFO ANT-0001] Found 1 pin violations.
