
 /----------------------------------------------------------------------------\
 |                                                                            |
 |  yosys -- Yosys Open SYnthesis Suite                                       |
 |                                                                            |
 |  Copyright (C) 2012 - 2020  Claire Xenia Wolf <claire@yosyshq.com>         |
 |                                                                            |
 |  Permission to use, copy, modify, and/or distribute this software for any  |
 |  purpose with or without fee is hereby granted, provided that the above    |
 |  copyright notice and this permission notice appear in all copies.         |
 |                                                                            |
 |  THE SOFTWARE IS PROVIDED "AS IS" AND THE AUTHOR DISCLAIMS ALL WARRANTIES  |
 |  WITH REGARD TO THIS SOFTWARE INCLUDING ALL IMPLIED WARRANTIES OF          |
 |  MERCHANTABILITY AND FITNESS. IN NO EVENT SHALL THE AUTHOR BE LIABLE FOR   |
 |  ANY SPECIAL, DIRECT, INDIRECT, OR CONSEQUENTIAL DAMAGES OR ANY DAMAGES    |
 |  WHATSOEVER RESULTING FROM LOSS OF USE, DATA OR PROFITS, WHETHER IN AN     |
 |  ACTION OF CONTRACT, NEGLIGENCE OR OTHER TORTIOUS ACTION, ARISING OUT OF   |
 |  OR IN CONNECTION WITH THE USE OR PERFORMANCE OF THIS SOFTWARE.            |
 |                                                                            |
 \----------------------------------------------------------------------------/

 Yosys 0.30+48 (git sha1 14d50a176d5, gcc 8.3.1 -fPIC -Os)

[TCL: yosys -import] Command name collision: found pre-existing command `cd' -> skip.
[TCL: yosys -import] Command name collision: found pre-existing command `eval' -> skip.
[TCL: yosys -import] Command name collision: found pre-existing command `exec' -> skip.
[TCL: yosys -import] Command name collision: found pre-existing command `read' -> skip.
[TCL: yosys -import] Command name collision: found pre-existing command `trace' -> skip.

1. Executing Verilog-2005 frontend: /openlane/designs/decoder3to8/src/decoder3to8.v
Parsing SystemVerilog input from `/openlane/designs/decoder3to8/src/decoder3to8.v' to AST representation.
Generating RTLIL representation for module `\decoder3to8'.
Successfully finished Verilog frontend.

2. Generating Graphviz representation of design.
Writing dot description to `/openlane/designs/decoder3to8/runs/run1//tmp/synthesis/hierarchy.dot'.
Dumping module decoder3to8 to page 1.

3. Executing HIERARCHY pass (managing design hierarchy).

3.1. Analyzing design hierarchy..
Top module:  \decoder3to8

3.2. Analyzing design hierarchy..
Top module:  \decoder3to8
Removed 0 unused modules.

4. Executing TRIBUF pass.

5. Executing HIERARCHY pass (managing design hierarchy).

5.1. Analyzing design hierarchy..
Top module:  \decoder3to8

5.2. Analyzing design hierarchy..
Top module:  \decoder3to8
Removed 0 unused modules.

6. Executing PROC_CLEAN pass (remove empty switches from decision trees).
Cleaned up 0 empty switches.

7. Executing PROC_RMDEAD pass (remove dead branches from decision trees).
Removed 1 dead cases from process $proc$/openlane/designs/decoder3to8/src/decoder3to8.v:5$1 in module decoder3to8.
Marked 1 switch rules as full_case in process $proc$/openlane/designs/decoder3to8/src/decoder3to8.v:5$1 in module decoder3to8.
Removed a total of 1 dead cases.

8. Executing PROC_PRUNE pass (remove redundant assignments in processes).
Removed 0 redundant assignments.
Promoted 1 assignment to connection.

9. Executing PROC_INIT pass (extract init attributes).

10. Executing PROC_ARST pass (detect async resets in processes).

11. Executing PROC_ROM pass (convert switches to ROMs).
Converted 1 switch.

12. Executing PROC_MUX pass (convert decision trees to multiplexers).
Creating decoders for process `\decoder3to8.$proc$/openlane/designs/decoder3to8/src/decoder3to8.v:5$1'.
     1/1: { $1\out[7:0] [0] $1\out[7:0] [7:1] }

13. Executing PROC_DLATCH pass (convert process syncs to latches).
No latch inferred for signal `\decoder3to8.\out' from process `\decoder3to8.$proc$/openlane/designs/decoder3to8/src/decoder3to8.v:5$1'.

14. Executing PROC_DFF pass (convert process syncs to FFs).

15. Executing PROC_MEMWR pass (convert process memory writes to cells).

16. Executing PROC_CLEAN pass (remove empty switches from decision trees).
Found and cleaned up 1 empty switch in `\decoder3to8.$proc$/openlane/designs/decoder3to8/src/decoder3to8.v:5$1'.
Removing empty process `decoder3to8.$proc$/openlane/designs/decoder3to8/src/decoder3to8.v:5$1'.
Cleaned up 1 empty switch.

17. Executing CHECK pass (checking for obvious problems).
Checking module decoder3to8...
Found and reported 0 problems.

18. Executing OPT_EXPR pass (perform const folding).
Optimizing module decoder3to8.

19. Executing FLATTEN pass (flatten design).

20. Executing OPT_EXPR pass (perform const folding).
Optimizing module decoder3to8.

21. Executing OPT_CLEAN pass (remove unused cells and wires).
Finding unused cells or wires in module \decoder3to8..
Removed 0 unused cells and 3 unused wires.
<suppressed ~1 debug messages>

22. Executing OPT pass (performing simple optimizations).

22.1. Executing OPT_EXPR pass (perform const folding).
Optimizing module decoder3to8.

22.2. Executing OPT_MERGE pass (detect identical cells).
Finding identical cells in module `\decoder3to8'.
Removed a total of 0 cells.

22.3. Executing OPT_MUXTREE pass (detect dead branches in mux trees).
Running muxtree optimizer on module \decoder3to8..
  Creating internal representation of mux trees.
  No muxes found in this module.
Removed 0 multiplexer ports.

22.4. Executing OPT_REDUCE pass (consolidate $*mux and $reduce_* inputs).
  Optimizing cells in module \decoder3to8.
Performed a total of 0 changes.

22.5. Executing OPT_MERGE pass (detect identical cells).
Finding identical cells in module `\decoder3to8'.
Removed a total of 0 cells.

22.6. Executing OPT_DFF pass (perform DFF optimizations).

22.7. Executing OPT_CLEAN pass (remove unused cells and wires).
Finding unused cells or wires in module \decoder3to8..

22.8. Executing OPT_EXPR pass (perform const folding).
Optimizing module decoder3to8.

22.9. Finished OPT passes. (There is nothing left to do.)

23. Executing FSM pass (extract and optimize FSM).

23.1. Executing FSM_DETECT pass (finding FSMs in design).

23.2. Executing FSM_EXTRACT pass (extracting FSM from design).

23.3. Executing FSM_OPT pass (simple optimizations of FSMs).

23.4. Executing OPT_CLEAN pass (remove unused cells and wires).
Finding unused cells or wires in module \decoder3to8..

23.5. Executing FSM_OPT pass (simple optimizations of FSMs).

23.6. Executing FSM_RECODE pass (re-assigning FSM state encoding).

23.7. Executing FSM_INFO pass (dumping all available information on FSM cells).

23.8. Executing FSM_MAP pass (mapping FSMs to basic logic).

24. Executing OPT pass (performing simple optimizations).

24.1. Executing OPT_EXPR pass (perform const folding).
Optimizing module decoder3to8.

24.2. Executing OPT_MERGE pass (detect identical cells).
Finding identical cells in module `\decoder3to8'.
Removed a total of 0 cells.

24.3. Executing OPT_MUXTREE pass (detect dead branches in mux trees).
Running muxtree optimizer on module \decoder3to8..
  Creating internal representation of mux trees.
  No muxes found in this module.
Removed 0 multiplexer ports.

24.4. Executing OPT_REDUCE pass (consolidate $*mux and $reduce_* inputs).
  Optimizing cells in module \decoder3to8.
Performed a total of 0 changes.

24.5. Executing OPT_MERGE pass (detect identical cells).
Finding identical cells in module `\decoder3to8'.
Removed a total of 0 cells.

24.6. Executing OPT_DFF pass (perform DFF optimizations).

24.7. Executing OPT_CLEAN pass (remove unused cells and wires).
Finding unused cells or wires in module \decoder3to8..

24.8. Executing OPT_EXPR pass (perform const folding).
Optimizing module decoder3to8.

24.9. Finished OPT passes. (There is nothing left to do.)

25. Executing WREDUCE pass (reducing word size of cells).
Removed top 29 address bits (of 32) from memory init port decoder3to8.$auto$mem.cc:319:emit$5 ($auto$proc_rom.cc:150:do_switch$3).

26. Executing PEEPOPT pass (run peephole optimizers).

27. Executing OPT_CLEAN pass (remove unused cells and wires).
Finding unused cells or wires in module \decoder3to8..

28. Executing ALUMACC pass (create $alu and $macc cells).
Extracting $alu and $macc cells in module decoder3to8:
  created 0 $alu and 0 $macc cells.

29. Executing SHARE pass (SAT-based resource sharing).

30. Executing OPT pass (performing simple optimizations).

30.1. Executing OPT_EXPR pass (perform const folding).
Optimizing module decoder3to8.

30.2. Executing OPT_MERGE pass (detect identical cells).
Finding identical cells in module `\decoder3to8'.
Removed a total of 0 cells.

30.3. Executing OPT_MUXTREE pass (detect dead branches in mux trees).
Running muxtree optimizer on module \decoder3to8..
  Creating internal representation of mux trees.
  No muxes found in this module.
Removed 0 multiplexer ports.

30.4. Executing OPT_REDUCE pass (consolidate $*mux and $reduce_* inputs).
  Optimizing cells in module \decoder3to8.
Performed a total of 0 changes.

30.5. Executing OPT_MERGE pass (detect identical cells).
Finding identical cells in module `\decoder3to8'.
Removed a total of 0 cells.

30.6. Executing OPT_DFF pass (perform DFF optimizations).

30.7. Executing OPT_CLEAN pass (remove unused cells and wires).
Finding unused cells or wires in module \decoder3to8..

30.8. Executing OPT_EXPR pass (perform const folding).
Optimizing module decoder3to8.

30.9. Finished OPT passes. (There is nothing left to do.)

31. Executing MEMORY pass.

31.1. Executing OPT_MEM pass (optimize memories).
Performed a total of 0 transformations.

31.2. Executing OPT_MEM_PRIORITY pass (removing unnecessary memory write priority relations).
Performed a total of 0 transformations.

31.3. Executing OPT_MEM_FEEDBACK pass (finding memory read-to-write feedback paths).

31.4. Executing MEMORY_BMUX2ROM pass (converting muxes to ROMs).

31.5. Executing MEMORY_DFF pass (merging $dff cells to $memrd).
Checking read port `$auto$proc_rom.cc:150:do_switch$3'[0] in module `\decoder3to8': no output FF found.
Checking read port address `$auto$proc_rom.cc:150:do_switch$3'[0] in module `\decoder3to8': no address FF found.

31.6. Executing OPT_CLEAN pass (remove unused cells and wires).
Finding unused cells or wires in module \decoder3to8..

31.7. Executing MEMORY_SHARE pass (consolidating $memrd/$memwr cells).

31.8. Executing OPT_MEM_WIDEN pass (optimize memories where all ports are wide).
Performed a total of 0 transformations.

31.9. Executing OPT_CLEAN pass (remove unused cells and wires).
Finding unused cells or wires in module \decoder3to8..

31.10. Executing MEMORY_COLLECT pass (generating $mem cells).

32. Executing OPT_CLEAN pass (remove unused cells and wires).
Finding unused cells or wires in module \decoder3to8..

33. Executing OPT pass (performing simple optimizations).

33.1. Executing OPT_EXPR pass (perform const folding).
Optimizing module decoder3to8.

33.2. Executing OPT_MERGE pass (detect identical cells).
Finding identical cells in module `\decoder3to8'.
Removed a total of 0 cells.

33.3. Executing OPT_DFF pass (perform DFF optimizations).

33.4. Executing OPT_CLEAN pass (remove unused cells and wires).
Finding unused cells or wires in module \decoder3to8..

33.5. Finished fast OPT passes.

34. Executing MEMORY_MAP pass (converting memories to logic and flip-flops).
Mapping memory $auto$proc_rom.cc:150:do_switch$3 in module \decoder3to8:
  created 8 $dff cells and 0 static cells of width 8.
  read interface: 0 $dff and 7 $mux cells.
  write interface: 0 write mux blocks.

35. Executing OPT pass (performing simple optimizations).

35.1. Executing OPT_EXPR pass (perform const folding).
Optimizing module decoder3to8.

35.2. Executing OPT_MERGE pass (detect identical cells).
Finding identical cells in module `\decoder3to8'.
Removed a total of 0 cells.

35.3. Executing OPT_MUXTREE pass (detect dead branches in mux trees).
Running muxtree optimizer on module \decoder3to8..
  Creating internal representation of mux trees.
  Evaluating internal representation of mux trees.
  Analyzing evaluation results.
Removed 0 multiplexer ports.
<suppressed ~1 debug messages>

35.4. Executing OPT_REDUCE pass (consolidate $*mux and $reduce_* inputs).
  Optimizing cells in module \decoder3to8.
    Consolidated identical input bits for $mux cell $memory$auto$proc_rom.cc:150:do_switch$3$rdmux[0][2][2]$24:
      Old ports: A=8'00001000, B=8'00010000, Y=$memory$auto$proc_rom.cc:150:do_switch$3$rdmux[0][1][1]$a$16
      New ports: A=2'01, B=2'10, Y=$memory$auto$proc_rom.cc:150:do_switch$3$rdmux[0][1][1]$a$16 [4:3]
      New connections: { $memory$auto$proc_rom.cc:150:do_switch$3$rdmux[0][1][1]$a$16 [7:5] $memory$auto$proc_rom.cc:150:do_switch$3$rdmux[0][1][1]$a$16 [2:0] } = 6'000000
    Consolidated identical input bits for $mux cell $memory$auto$proc_rom.cc:150:do_switch$3$rdmux[0][2][1]$21:
      Old ports: A=8'00000010, B=8'00000100, Y=$memory$auto$proc_rom.cc:150:do_switch$3$rdmux[0][1][0]$b$14
      New ports: A=2'01, B=2'10, Y=$memory$auto$proc_rom.cc:150:do_switch$3$rdmux[0][1][0]$b$14 [2:1]
      New connections: { $memory$auto$proc_rom.cc:150:do_switch$3$rdmux[0][1][0]$b$14 [7:3] $memory$auto$proc_rom.cc:150:do_switch$3$rdmux[0][1][0]$b$14 [0] } = 6'000000
    Consolidated identical input bits for $mux cell $memory$auto$proc_rom.cc:150:do_switch$3$rdmux[0][2][0]$18:
      Old ports: A=8'10000000, B=8'00000001, Y=$memory$auto$proc_rom.cc:150:do_switch$3$rdmux[0][1][0]$a$13
      New ports: A=2'10, B=2'01, Y={ $memory$auto$proc_rom.cc:150:do_switch$3$rdmux[0][1][0]$a$13 [7] $memory$auto$proc_rom.cc:150:do_switch$3$rdmux[0][1][0]$a$13 [0] }
      New connections: $memory$auto$proc_rom.cc:150:do_switch$3$rdmux[0][1][0]$a$13 [6:1] = 6'000000
    Consolidated identical input bits for $mux cell $memory$auto$proc_rom.cc:150:do_switch$3$rdmux[0][2][3]$27:
      Old ports: A=8'00100000, B=8'01000000, Y=$memory$auto$proc_rom.cc:150:do_switch$3$rdmux[0][1][1]$b$17
      New ports: A=2'01, B=2'10, Y=$memory$auto$proc_rom.cc:150:do_switch$3$rdmux[0][1][1]$b$17 [6:5]
      New connections: { $memory$auto$proc_rom.cc:150:do_switch$3$rdmux[0][1][1]$b$17 [7] $memory$auto$proc_rom.cc:150:do_switch$3$rdmux[0][1][1]$b$17 [4:0] } = 6'000000
  Optimizing cells in module \decoder3to8.
    Consolidated identical input bits for $mux cell $memory$auto$proc_rom.cc:150:do_switch$3$rdmux[0][1][1]$15:
      Old ports: A=$memory$auto$proc_rom.cc:150:do_switch$3$rdmux[0][1][1]$a$16, B=$memory$auto$proc_rom.cc:150:do_switch$3$rdmux[0][1][1]$b$17, Y=$memory$auto$proc_rom.cc:150:do_switch$3$rdmux[0][0][0]$b$11
      New ports: A={ 2'00 $memory$auto$proc_rom.cc:150:do_switch$3$rdmux[0][1][1]$a$16 [4:3] }, B={ $memory$auto$proc_rom.cc:150:do_switch$3$rdmux[0][1][1]$b$17 [6:5] 2'00 }, Y=$memory$auto$proc_rom.cc:150:do_switch$3$rdmux[0][0][0]$b$11 [6:3]
      New connections: { $memory$auto$proc_rom.cc:150:do_switch$3$rdmux[0][0][0]$b$11 [7] $memory$auto$proc_rom.cc:150:do_switch$3$rdmux[0][0][0]$b$11 [2:0] } = 4'0000
    Consolidated identical input bits for $mux cell $memory$auto$proc_rom.cc:150:do_switch$3$rdmux[0][1][0]$12:
      Old ports: A=$memory$auto$proc_rom.cc:150:do_switch$3$rdmux[0][1][0]$a$13, B=$memory$auto$proc_rom.cc:150:do_switch$3$rdmux[0][1][0]$b$14, Y=$memory$auto$proc_rom.cc:150:do_switch$3$rdmux[0][0][0]$a$10
      New ports: A={ $memory$auto$proc_rom.cc:150:do_switch$3$rdmux[0][1][0]$a$13 [7] 2'00 $memory$auto$proc_rom.cc:150:do_switch$3$rdmux[0][1][0]$a$13 [0] }, B={ 1'0 $memory$auto$proc_rom.cc:150:do_switch$3$rdmux[0][1][0]$b$14 [2:1] 1'0 }, Y={ $memory$auto$proc_rom.cc:150:do_switch$3$rdmux[0][0][0]$a$10 [7] $memory$auto$proc_rom.cc:150:do_switch$3$rdmux[0][0][0]$a$10 [2:0] }
      New connections: $memory$auto$proc_rom.cc:150:do_switch$3$rdmux[0][0][0]$a$10 [6:3] = 4'0000
  Optimizing cells in module \decoder3to8.
Performed a total of 6 changes.

35.5. Executing OPT_MERGE pass (detect identical cells).
Finding identical cells in module `\decoder3to8'.
<suppressed ~6 debug messages>
Removed a total of 2 cells.

35.6. Executing OPT_SHARE pass.

35.7. Executing OPT_DFF pass (perform DFF optimizations).

35.8. Executing OPT_CLEAN pass (remove unused cells and wires).
Finding unused cells or wires in module \decoder3to8..
Removed 0 unused cells and 10 unused wires.
<suppressed ~1 debug messages>

35.9. Executing OPT_EXPR pass (perform const folding).
Optimizing module decoder3to8.

35.10. Rerunning OPT passes. (Maybe there is more to do..)

35.11. Executing OPT_MUXTREE pass (detect dead branches in mux trees).
Running muxtree optimizer on module \decoder3to8..
  Creating internal representation of mux trees.
  Evaluating internal representation of mux trees.
  Analyzing evaluation results.
Removed 0 multiplexer ports.
<suppressed ~2 debug messages>

35.12. Executing OPT_REDUCE pass (consolidate $*mux and $reduce_* inputs).
  Optimizing cells in module \decoder3to8.
Performed a total of 0 changes.

35.13. Executing OPT_MERGE pass (detect identical cells).
Finding identical cells in module `\decoder3to8'.
Removed a total of 0 cells.

35.14. Executing OPT_SHARE pass.

35.15. Executing OPT_DFF pass (perform DFF optimizations).

35.16. Executing OPT_CLEAN pass (remove unused cells and wires).
Finding unused cells or wires in module \decoder3to8..

35.17. Executing OPT_EXPR pass (perform const folding).
Optimizing module decoder3to8.

35.18. Finished OPT passes. (There is nothing left to do.)

36. Executing TECHMAP pass (map to technology primitives).

36.1. Executing Verilog-2005 frontend: /build/bin/../share/yosys/techmap.v
Parsing Verilog input from `/build/bin/../share/yosys/techmap.v' to AST representation.
Generating RTLIL representation for module `\_90_simplemap_bool_ops'.
Generating RTLIL representation for module `\_90_simplemap_reduce_ops'.
Generating RTLIL representation for module `\_90_simplemap_logic_ops'.
Generating RTLIL representation for module `\_90_simplemap_compare_ops'.
Generating RTLIL representation for module `\_90_simplemap_various'.
Generating RTLIL representation for module `\_90_simplemap_registers'.
Generating RTLIL representation for module `\_90_shift_ops_shr_shl_sshl_sshr'.
Generating RTLIL representation for module `\_90_shift_shiftx'.
Generating RTLIL representation for module `\_90_fa'.
Generating RTLIL representation for module `\_90_lcu'.
Generating RTLIL representation for module `\_90_alu'.
Generating RTLIL representation for module `\_90_macc'.
Generating RTLIL representation for module `\_90_alumacc'.
Generating RTLIL representation for module `\$__div_mod_u'.
Generating RTLIL representation for module `\$__div_mod_trunc'.
Generating RTLIL representation for module `\_90_div'.
Generating RTLIL representation for module `\_90_mod'.
Generating RTLIL representation for module `\$__div_mod_floor'.
Generating RTLIL representation for module `\_90_divfloor'.
Generating RTLIL representation for module `\_90_modfloor'.
Generating RTLIL representation for module `\_90_pow'.
Generating RTLIL representation for module `\_90_pmux'.
Generating RTLIL representation for module `\_90_demux'.
Generating RTLIL representation for module `\_90_lut'.
Successfully finished Verilog frontend.

36.2. Continuing TECHMAP pass.
Using extmapper simplemap for cells of type $mux.
No more expansions possible.
<suppressed ~78 debug messages>

37. Executing OPT pass (performing simple optimizations).

37.1. Executing OPT_EXPR pass (perform const folding).
Optimizing module decoder3to8.
<suppressed ~2 debug messages>

37.2. Executing OPT_MERGE pass (detect identical cells).
Finding identical cells in module `\decoder3to8'.
<suppressed ~15 debug messages>
Removed a total of 5 cells.

37.3. Executing OPT_DFF pass (perform DFF optimizations).

37.4. Executing OPT_CLEAN pass (remove unused cells and wires).
Finding unused cells or wires in module \decoder3to8..
Removed 0 unused cells and 2 unused wires.
<suppressed ~1 debug messages>

37.5. Finished fast OPT passes.

38. Executing ABC pass (technology mapping using ABC).

38.1. Extracting gate netlist of module `\decoder3to8' to `<abc-temp-dir>/input.blif'..
Extracted 13 gates and 17 wires to a netlist network with 3 inputs and 8 outputs.

38.1.1. Executing ABC.
Running ABC command: "<yosys-exe-dir>/yosys-abc" -s -f <abc-temp-dir>/abc.script 2>&1
ABC: ABC command line: "source <abc-temp-dir>/abc.script".
ABC: 
ABC: + read_blif <abc-temp-dir>/input.blif 
ABC: + read_library <abc-temp-dir>/stdcells.genlib 
ABC: Entered genlib library with 13 gates from file "<abc-temp-dir>/stdcells.genlib".
ABC: + strash 
ABC: + dretime 
ABC: + map 
ABC: + write_blif <abc-temp-dir>/output.blif 

38.1.2. Re-integrating ABC results.
ABC RESULTS:               NOT cells:        1
ABC RESULTS:             ORNOT cells:        2
ABC RESULTS:              NAND cells:        1
ABC RESULTS:                OR cells:        1
ABC RESULTS:            ANDNOT cells:        8
ABC RESULTS:        internal signals:        6
ABC RESULTS:           input signals:        3
ABC RESULTS:          output signals:        8
Removing temp directory.

39. Executing OPT pass (performing simple optimizations).

39.1. Executing OPT_EXPR pass (perform const folding).
Optimizing module decoder3to8.

39.2. Executing OPT_MERGE pass (detect identical cells).
Finding identical cells in module `\decoder3to8'.
Removed a total of 0 cells.

39.3. Executing OPT_DFF pass (perform DFF optimizations).

39.4. Executing OPT_CLEAN pass (remove unused cells and wires).
Finding unused cells or wires in module \decoder3to8..
Removed 0 unused cells and 13 unused wires.
<suppressed ~1 debug messages>

39.5. Finished fast OPT passes.

40. Executing HIERARCHY pass (managing design hierarchy).

40.1. Analyzing design hierarchy..
Top module:  \decoder3to8

40.2. Analyzing design hierarchy..
Top module:  \decoder3to8
Removed 0 unused modules.

41. Printing statistics.

=== decoder3to8 ===

   Number of wires:                  7
   Number of wire bits:             16
   Number of public wires:           2
   Number of public wire bits:      11
   Number of memories:               0
   Number of memory bits:            0
   Number of processes:              0
   Number of cells:                 13
     $_ANDNOT_                       8
     $_NAND_                         1
     $_NOT_                          1
     $_ORNOT_                        2
     $_OR_                           1

42. Executing CHECK pass (checking for obvious problems).
Checking module decoder3to8...
Found and reported 0 problems.

43. Generating Graphviz representation of design.
Writing dot description to `/openlane/designs/decoder3to8/runs/run1//tmp/synthesis/post_techmap.dot'.
Dumping module decoder3to8 to page 1.

44. Executing SHARE pass (SAT-based resource sharing).

45. Executing OPT pass (performing simple optimizations).

45.1. Executing OPT_EXPR pass (perform const folding).
Optimizing module decoder3to8.

45.2. Executing OPT_MERGE pass (detect identical cells).
Finding identical cells in module `\decoder3to8'.
Removed a total of 0 cells.

45.3. Executing OPT_MUXTREE pass (detect dead branches in mux trees).
Running muxtree optimizer on module \decoder3to8..
  Creating internal representation of mux trees.
  No muxes found in this module.
Removed 0 multiplexer ports.

45.4. Executing OPT_REDUCE pass (consolidate $*mux and $reduce_* inputs).
  Optimizing cells in module \decoder3to8.
Performed a total of 0 changes.

45.5. Executing OPT_MERGE pass (detect identical cells).
Finding identical cells in module `\decoder3to8'.
Removed a total of 0 cells.

45.6. Executing OPT_DFF pass (perform DFF optimizations).

45.7. Executing OPT_CLEAN pass (remove unused cells and wires).
Finding unused cells or wires in module \decoder3to8..

45.8. Executing OPT_EXPR pass (perform const folding).
Optimizing module decoder3to8.

45.9. Finished OPT passes. (There is nothing left to do.)

46. Executing OPT_CLEAN pass (remove unused cells and wires).
Finding unused cells or wires in module \decoder3to8..

47. Printing statistics.

=== decoder3to8 ===

   Number of wires:                  7
   Number of wire bits:             16
   Number of public wires:           2
   Number of public wire bits:      11
   Number of memories:               0
   Number of memory bits:            0
   Number of processes:              0
   Number of cells:                 13
     $_ANDNOT_                       8
     $_NAND_                         1
     $_NOT_                          1
     $_ORNOT_                        2
     $_OR_                           1

mapping tbuf

48. Executing TECHMAP pass (map to technology primitives).

48.1. Executing Verilog-2005 frontend: /home/rajshekhar/.ciel/sky130A/libs.tech/openlane/sky130_fd_sc_hd/tribuff_map.v
Parsing Verilog input from `/home/rajshekhar/.ciel/sky130A/libs.tech/openlane/sky130_fd_sc_hd/tribuff_map.v' to AST representation.
Generating RTLIL representation for module `\$_TBUF_'.
Successfully finished Verilog frontend.

48.2. Continuing TECHMAP pass.
No more expansions possible.
<suppressed ~3 debug messages>

49. Executing SIMPLEMAP pass (map simple cells to gate primitives).

50. Executing TECHMAP pass (map to technology primitives).

50.1. Executing Verilog-2005 frontend: /home/rajshekhar/.ciel/sky130A/libs.tech/openlane/sky130_fd_sc_hd/latch_map.v
Parsing Verilog input from `/home/rajshekhar/.ciel/sky130A/libs.tech/openlane/sky130_fd_sc_hd/latch_map.v' to AST representation.
Generating RTLIL representation for module `\$_DLATCH_P_'.
Generating RTLIL representation for module `\$_DLATCH_N_'.
Successfully finished Verilog frontend.

50.2. Continuing TECHMAP pass.
No more expansions possible.
<suppressed ~4 debug messages>

51. Executing SIMPLEMAP pass (map simple cells to gate primitives).

52. Executing DFFLIBMAP pass (mapping DFF cells to sequential cells from liberty file).
  cell sky130_fd_sc_hd__dfxtp_2 (noninv, pins=3, area=21.27) is a direct match for cell type $_DFF_P_.
  cell sky130_fd_sc_hd__dfrtp_2 (noninv, pins=4, area=26.28) is a direct match for cell type $_DFF_PN0_.
  cell sky130_fd_sc_hd__dfstp_2 (noninv, pins=4, area=26.28) is a direct match for cell type $_DFF_PN1_.
  cell sky130_fd_sc_hd__dfbbn_2 (noninv, pins=6, area=35.03) is a direct match for cell type $_DFFSR_NNN_.
  final dff cell mappings:
    unmapped dff cell: $_DFF_N_
    \sky130_fd_sc_hd__dfxtp_2 _DFF_P_ (.CLK( C), .D( D), .Q( Q));
    unmapped dff cell: $_DFF_NN0_
    unmapped dff cell: $_DFF_NN1_
    unmapped dff cell: $_DFF_NP0_
    unmapped dff cell: $_DFF_NP1_
    \sky130_fd_sc_hd__dfrtp_2 _DFF_PN0_ (.CLK( C), .D( D), .Q( Q), .RESET_B( R));
    \sky130_fd_sc_hd__dfstp_2 _DFF_PN1_ (.CLK( C), .D( D), .Q( Q), .SET_B( R));
    unmapped dff cell: $_DFF_PP0_
    unmapped dff cell: $_DFF_PP1_
    \sky130_fd_sc_hd__dfbbn_2 _DFFSR_NNN_ (.CLK_N( C), .D( D), .Q( Q), .Q_N(~Q), .RESET_B( R), .SET_B( S));
    unmapped dff cell: $_DFFSR_NNP_
    unmapped dff cell: $_DFFSR_NPN_
    unmapped dff cell: $_DFFSR_NPP_
    unmapped dff cell: $_DFFSR_PNN_
    unmapped dff cell: $_DFFSR_PNP_
    unmapped dff cell: $_DFFSR_PPN_
    unmapped dff cell: $_DFFSR_PPP_

52.1. Executing DFFLEGALIZE pass (convert FFs to types supported by the target).
Mapping DFF cells in module `\decoder3to8':

53. Printing statistics.

=== decoder3to8 ===

   Number of wires:                  7
   Number of wire bits:             16
   Number of public wires:           2
   Number of public wire bits:      11
   Number of memories:               0
   Number of memory bits:            0
   Number of processes:              0
   Number of cells:                 13
     $_ANDNOT_                       8
     $_NAND_                         1
     $_NOT_                          1
     $_ORNOT_                        2
     $_OR_                           1

[INFO]: USING STRATEGY AREA 0

54. Executing ABC pass (technology mapping using ABC).

54.1. Extracting gate netlist of module `\decoder3to8' to `/tmp/yosys-abc-EiLOJi/input.blif'..
Extracted 13 gates and 16 wires to a netlist network with 3 inputs and 8 outputs.

54.1.1. Executing ABC.
Running ABC command: "/build/bin/yosys-abc" -s -f /tmp/yosys-abc-EiLOJi/abc.script 2>&1
ABC: ABC command line: "source /tmp/yosys-abc-EiLOJi/abc.script".
ABC: 
ABC: + read_blif /tmp/yosys-abc-EiLOJi/input.blif 
ABC: + read_lib -w /openlane/designs/decoder3to8/runs/run1//tmp/synthesis/trimmed.lib 
ABC: Parsing finished successfully.  Parsing time =     0.06 sec
ABC: Scl_LibertyReadGenlib() skipped sequential cell "sky130_fd_sc_hd__dfbbn_2".
ABC: Scl_LibertyReadGenlib() skipped sequential cell "sky130_fd_sc_hd__dfrbp_2".
ABC: Scl_LibertyReadGenlib() skipped sequential cell "sky130_fd_sc_hd__dfrtp_2".
ABC: Scl_LibertyReadGenlib() skipped sequential cell "sky130_fd_sc_hd__dfrtp_4".
ABC: Scl_LibertyReadGenlib() skipped sequential cell "sky130_fd_sc_hd__dfsbp_2".
ABC: Scl_LibertyReadGenlib() skipped sequential cell "sky130_fd_sc_hd__dfstp_2".
ABC: Scl_LibertyReadGenlib() skipped sequential cell "sky130_fd_sc_hd__dfstp_4".
ABC: Scl_LibertyReadGenlib() skipped sequential cell "sky130_fd_sc_hd__dfxbp_2".
ABC: Scl_LibertyReadGenlib() skipped sequential cell "sky130_fd_sc_hd__dfxtp_2".
ABC: Scl_LibertyReadGenlib() skipped sequential cell "sky130_fd_sc_hd__dfxtp_4".
ABC: Scl_LibertyReadGenlib() skipped sequential cell "sky130_fd_sc_hd__dlxtn_1".
ABC: Scl_LibertyReadGenlib() skipped sequential cell "sky130_fd_sc_hd__dlxtn_2".
ABC: Scl_LibertyReadGenlib() skipped sequential cell "sky130_fd_sc_hd__dlxtn_4".
ABC: Scl_LibertyReadGenlib() skipped sequential cell "sky130_fd_sc_hd__dlxtp_1".
ABC: Scl_LibertyReadGenlib() skipped three-state cell "sky130_fd_sc_hd__ebufn_2".
ABC: Scl_LibertyReadGenlib() skipped three-state cell "sky130_fd_sc_hd__ebufn_4".
ABC: Scl_LibertyReadGenlib() skipped three-state cell "sky130_fd_sc_hd__ebufn_8".
ABC: Library "sky130A_merged" from "/openlane/designs/decoder3to8/runs/run1//tmp/synthesis/trimmed.lib" has 175 cells (17 skipped: 14 seq; 3 tri-state; 0 no func; 0 dont_use).  Time =     0.08 sec
ABC: Memory =    9.54 MB. Time =     0.08 sec
ABC: Warning: Detected 2 multi-output gates (for example, "sky130_fd_sc_hd__fa_1").
ABC: + read_constr -v /openlane/designs/decoder3to8/runs/run1//tmp/synthesis/synthesis.sdc 
ABC: Setting driving cell to be "sky130_fd_sc_hd__inv_2".
ABC: Setting output load to be 33.442001.
ABC: + read_constr /openlane/designs/decoder3to8/runs/run1//tmp/synthesis/synthesis.sdc 
ABC: + fx 
ABC: + mfs 
ABC: + strash 
ABC: + refactor 
ABC: + balance 
ABC: + rewrite 
ABC: + refactor 
ABC: + balance 
ABC: + rewrite 
ABC: + rewrite -z 
ABC: + balance 
ABC: + refactor -z 
ABC: + rewrite -z 
ABC: + balance 
ABC: + retime -D -D 10000.0 -M 5 
ABC: + scleanup 
ABC: Error: The network is combinational.
ABC: + fraig_store 
ABC: + balance 
ABC: + fraig_store 
ABC: + balance 
ABC: + rewrite 
ABC: + refactor 
ABC: + balance 
ABC: + rewrite 
ABC: + rewrite -z 
ABC: + balance 
ABC: + refactor -z 
ABC: + rewrite -z 
ABC: + balance 
ABC: + fraig_store 
ABC: + balance 
ABC: + rewrite 
ABC: + refactor 
ABC: + balance 
ABC: + rewrite 
ABC: + rewrite -z 
ABC: + balance 
ABC: + refactor -z 
ABC: + rewrite -z 
ABC: + balance 
ABC: + fraig_store 
ABC: + balance 
ABC: + rewrite 
ABC: + refactor 
ABC: + balance 
ABC: + rewrite 
ABC: + rewrite -z 
ABC: + balance 
ABC: + refactor -z 
ABC: + rewrite -z 
ABC: + balance 
ABC: + fraig_store 
ABC: + fraig_restore 
ABC: + amap -m -Q 0.1 -F 20 -A 20 -C 5000 
ABC: + retime -D -D 10000.0 
ABC: + &get -n 
ABC: + &st 
ABC: + &dch 
ABC: + &nf 
ABC: + &put 
ABC: + buffer -N 10 -S 750.0 
ABC: + upsize -D 10000.0 
ABC: Current delay (552.27 ps) does not exceed the target delay (10000.00 ps). Upsizing is not performed.
ABC: + dnsize -D 10000.0 
ABC: + stime -p 
ABC: WireLoad = "none"  Gates =     12 ( 33.3 %)   Cap = 22.5 ff (  8.3 %)   Area =      100.10 ( 66.7 %)   Delay =   576.05 ps  ( 91.7 %)               
ABC: Path  0 --       3 : 0    8 pi                       A =   0.00  Df =  70.9  -39.9 ps  S = 105.3 ps  Cin =  0.0 ff  Cout =  21.7 ff  Cmax =   0.0 ff  G =    0  
ABC: Path  1 --      12 : 3    1 sky130_fd_sc_hd__nor3b_2 A =  12.51  Df = 576.1 -326.7 ps  S = 575.5 ps  Cin =  3.4 ff  Cout =  33.4 ff  Cmax =  93.4 ff  G =  988  
ABC: Start-point = pi2 (\in [0]).  End-point = po0 (\out [1]).
ABC: + print_stats -m 
ABC: netlist                       : i/o =    3/    8  lat =    0  nd =    12  edge =     28  area =100.08  delay = 2.00  lev = 2
ABC: + write_blif /tmp/yosys-abc-EiLOJi/output.blif 

54.1.2. Re-integrating ABC results.
ABC RESULTS:   sky130_fd_sc_hd__nor3b_2 cells:        3
ABC RESULTS:   sky130_fd_sc_hd__and3b_2 cells:        3
ABC RESULTS:   sky130_fd_sc_hd__and3_2 cells:        1
ABC RESULTS:   sky130_fd_sc_hd__buf_1 cells:        4
ABC RESULTS:   sky130_fd_sc_hd__nor3_2 cells:        1
ABC RESULTS:        internal signals:        5
ABC RESULTS:           input signals:        3
ABC RESULTS:          output signals:        8
Removing temp directory.

55. Executing SETUNDEF pass (replace undef values with defined constants).

56. Executing HILOMAP pass (mapping to constant drivers).

57. Executing SPLITNETS pass (splitting up multi-bit signals).

58. Executing OPT_CLEAN pass (remove unused cells and wires).
Finding unused cells or wires in module \decoder3to8..
Removed 0 unused cells and 16 unused wires.
<suppressed ~1 debug messages>

59. Executing INSBUF pass (insert buffer cells for connected wires).

60. Executing CHECK pass (checking for obvious problems).
Checking module decoder3to8...
Warning: Wire decoder3to8.\out [7] is used but has no driver.
Warning: Wire decoder3to8.\out [6] is used but has no driver.
Warning: Wire decoder3to8.\out [5] is used but has no driver.
Warning: Wire decoder3to8.\out [4] is used but has no driver.
Warning: Wire decoder3to8.\out [3] is used but has no driver.
Warning: Wire decoder3to8.\out [2] is used but has no driver.
Warning: Wire decoder3to8.\out [1] is used but has no driver.
Warning: Wire decoder3to8.\out [0] is used but has no driver.
Found and reported 8 problems.

61. Printing statistics.

=== decoder3to8 ===

   Number of wires:                  6
   Number of wire bits:             15
   Number of public wires:           2
   Number of public wire bits:      11
   Number of memories:               0
   Number of memory bits:            0
   Number of processes:              0
   Number of cells:                 12
     sky130_fd_sc_hd__and3_2         1
     sky130_fd_sc_hd__and3b_2        3
     sky130_fd_sc_hd__buf_1          4
     sky130_fd_sc_hd__nor3_2         1
     sky130_fd_sc_hd__nor3b_2        3

   Chip area for module '\decoder3to8': 100.096000

62. Executing Verilog backend.
Dumping module `\decoder3to8'.

Warnings: 8 unique messages, 8 total
End of script. Logfile hash: 50dbda6234, CPU: user 0.33s system 0.07s, MEM: 27.96 MB peak
Yosys 0.30+48 (git sha1 14d50a176d5, gcc 8.3.1 -fPIC -Os)
Time spent: 46% 2x abc (0 sec), 18% 1x dfflibmap (0 sec), ...
