OpenROAD 41a51eaf4ca2171c92ff38afb91eb37bbd3f36da 
This program is licensed under the BSD-3 license. See the LICENSE file for details.
Components of this program may be licensed under more restrictive licenses which must be honored.
[INFO]: Reading ODB at '/openlane/designs/decoder3to8/runs/run1//results/floorplan/decoder3to8.odb'…
define_corners Typical
read_liberty -corner Typical /home/rajshekhar/.ciel/sky130A/libs.ref/sky130_fd_sc_hd/lib/sky130_fd_sc_hd__tt_025C_1v80.lib
Using 1e-12 for capacitance...
Using 1e+03 for resistance...
Using 1e-09 for time...
Using 1e+00 for voltage...
Using 1e-03 for current...
Using 1e-09 for power...
Using 1e-06 for distance...
Reading design constraints file at '/openlane/designs/decoder3to8/runs/run1/tmp/floorplan/3-initial_fp.sdc'…
[INFO]: Setting RC values...
[INFO]: Setting signal min routing layer to: met1 and clock min routing layer to met3. 
[INFO]: Setting signal max routing layer to: met5 and clock max routing layer to met5. 
[INFO GPL-0002] DBU: 1000
[INFO GPL-0003] SiteSize: 460 2720
[INFO GPL-0004] CoreAreaLxLy: 5520 10880
[INFO GPL-0005] CoreAreaUxUy: 194120 187680
[INFO GPL-0006] NumInstances: 611
[INFO GPL-0007] NumPlaceInstances: 12
[INFO GPL-0008] NumFixedInstances: 599
[INFO GPL-0009] NumDummyInstances: 0
[INFO GPL-0010] NumNets: 15
[INFO GPL-0011] NumPins: 51
[INFO GPL-0012] DieAreaLxLy: 0 0
[INFO GPL-0013] DieAreaUxUy: 200000 200000
[INFO GPL-0014] CoreAreaLxLy: 5520 10880
[INFO GPL-0015] CoreAreaUxUy: 194120 187680
[INFO GPL-0016] CoreArea: 33344480000
[INFO GPL-0017] NonPlaceInstsArea: 1074780800
[INFO GPL-0018] PlaceInstsArea: 100096000
[INFO GPL-0019] Util(%): 0.31
[INFO GPL-0020] StdInstsArea: 100096000
[INFO GPL-0021] MacroInstsArea: 0
[InitialPlace]  Iter: 1 CG residual: 0.00000007 HPWL: 2221330
[InitialPlace]  Iter: 2 CG residual: 0.00000007 HPWL: 1684028
[InitialPlace]  Iter: 3 CG residual: 0.00000007 HPWL: 1639617
[InitialPlace]  Iter: 4 CG residual: 0.00000011 HPWL: 1565235
[InitialPlace]  Iter: 5 CG residual: 0.00000006 HPWL: 1468406
[INFO GPL-0031] FillerInit: NumGCells: 1620
[INFO GPL-0032] FillerInit: NumGNets: 15
[INFO GPL-0033] FillerInit: NumGPins: 51
[INFO GPL-0023] TargetDensity: 0.40
[INFO GPL-0024] AveragePlaceInstArea: 8341333
[INFO GPL-0025] IdealBinArea: 20853332
[INFO GPL-0026] IdealBinCnt: 1599
[INFO GPL-0027] TotalBinArea: 33344480000
[INFO GPL-0028] BinCnt: 32 32
[INFO GPL-0029] BinSize: 5894 5525
[INFO GPL-0030] NumBins: 1024
[NesterovSolve] Iter: 1 overflow: 0 HPWL: 1294023
[INFO GPL-0100] worst slack 5.02e-09
[INFO GPL-0103] Weighted 1 nets.
[NesterovSolve] Snapshot saved at iter = 0
[INFO GPL-0075] Routability numCall: 1 inflationIterCnt: 1 bloatIterCnt: 0
[INFO GPL-0036] TileLxLy: 0 0
[INFO GPL-0037] TileSize: 6900 6900
[INFO GPL-0038] TileCnt: 28 28
[INFO GPL-0039] numRoutingLayers: 6
[INFO GPL-0040] NumTiles: 784
[INFO GPL-0063] TotalRouteOverflowH2: 0.0
[INFO GPL-0064] TotalRouteOverflowV2: 0.0
[INFO GPL-0065] OverflowTileCnt2: 0
[INFO GPL-0066] 0.5%RC: 0.6772727099331942
[INFO GPL-0067] 1.0%RC: 0.6545454426245256
[INFO GPL-0068] 2.0%RC: 0.6139534905899403
[INFO GPL-0069] 5.0%RC: 0.5757009426009989
[INFO GPL-0070] 0.5rcK: 1.0
[INFO GPL-0071] 1.0rcK: 1.0
[INFO GPL-0072] 2.0rcK: 0.0
[INFO GPL-0073] 5.0rcK: 0.0
[INFO GPL-0074] FinalRC: 0.66590905
[NesterovSolve] Finished with Overflow: 0.000000
Setting global connections for newly added cells…
Writing OpenROAD database to '/openlane/designs/decoder3to8/runs/run1/tmp/placement/7-global.odb'…
Writing netlist to '/openlane/designs/decoder3to8/runs/run1/tmp/placement/7-global.nl.v'…
Writing powered netlist to '/openlane/designs/decoder3to8/runs/run1/tmp/placement/7-global.pnl.v'…
Writing layout to '/openlane/designs/decoder3to8/runs/run1/tmp/placement/7-global.def'…
